[debug] [2024-09-22T20:09:16.879Z] ----------------------------------------------------------------------
[debug] [2024-09-22T20:09:16.880Z] Command:       C:\Program Files\nodejs\node.exe C:\Program Files\nodejs\node_modules\firebase-tools\lib\bin\firebase.js init
[debug] [2024-09-22T20:09:16.881Z] CLI Version:   13.18.0
[debug] [2024-09-22T20:09:16.881Z] Platform:      win32
[debug] [2024-09-22T20:09:16.881Z] Node Version:  v18.20.4
[debug] [2024-09-22T20:09:16.882Z] Time:          Sun Sep 22 2024 14:09:16 GMT-0600 (hora estándar central)
[debug] [2024-09-22T20:09:16.882Z] ----------------------------------------------------------------------
[debug] 
[debug] [2024-09-22T20:09:16.889Z] > command requires scopes: ["email","openid","https://www.googleapis.com/auth/cloudplatformprojects.readonly","https://www.googleapis.com/auth/firebase","https://www.googleapis.com/auth/cloud-platform"]
[debug] [2024-09-22T20:09:16.889Z] > authorizing via signed-in user (ciliasarellanoj@gmail.com)
[info] 
     ######## #### ########  ######## ########     ###     ######  ########
     ##        ##  ##     ## ##       ##     ##  ##   ##  ##       ##
     ######    ##  ########  ######   ########  #########  ######  ######
     ##        ##  ##    ##  ##       ##     ## ##     ##       ## ##
     ##       #### ##     ## ######## ########  ##     ##  ######  ########

You're about to initialize a Firebase project in this directory:

  C:\Users\Usuario\NutriOryes\landingpage\nutrioryes

[info] 
=== Project Setup
[info] 
[info] First, let's associate this project directory with a Firebase project.
[info] You can create multiple project aliases by running firebase use --add, 
[info] but for now we'll just set up a default project.
[info] 
[debug] [2024-09-22T20:09:23.155Z] >>> [apiv2][query] GET https://firebase.googleapis.com/v1beta1/projects pageSize=100
[debug] [2024-09-22T20:09:44.236Z] *** [apiv2] error from fetch(https://firebase.googleapis.com/v1beta1/projects?pageSize=100, {"headers":{},"method":"GET","signal":{}}): FetchError: request to https://firebase.googleapis.com/v1beta1/projects?pageSize=100 failed, reason: connect ETIMEDOUT 2607:f8b0:4023:1000::5f:443
[debug] [2024-09-22T20:09:44.237Z] Failed to make request to https://firebase.googleapis.com/v1beta1/projects?pageSize=100
[debug] [2024-09-22T20:09:45.446Z] FirebaseError: Failed to make request to https://firebase.googleapis.com/v1beta1/projects?pageSize=100
    at RetryOperation._fn (C:\Users\Usuario\AppData\Roaming\nvm\v18.20.4\node_modules\firebase-tools\lib\apiv2.js:259:31)
    at process.processTicksAndRejections (node:internal/process/task_queues:95:5)
[error] 
[error] Error: Failed to list Firebase projects. See firebase-debug.log for more info.
